<?xml version="1.0" encoding="UTF-8"?>
<testsuite xmlns:xsi="http://www.w3.org/2001/XMLSchema-instance" xsi:noNamespaceSchemaLocation="https://maven.apache.org/surefire/maven-surefire-plugin/xsd/surefire-test-report-3.0.xsd" version="3.0" name="com.library.database.DatabaseManagerBooksTest" time="0.548" tests="6" errors="0" skipped="0" failures="0">
  <properties>
[...]
</properties>
  <testcase name="shouldFindBookByTitleOrAuthor" classname="com.library.database.DatabaseManagerBooksTest" time="0.34">
    <system-err><![CDATA[SLF4J: Failed to load class "org.slf4j.impl.StaticLoggerBinder".
SLF4J: Defaulting to no-operation (NOP) logger implementation
SLF4J: See http://www.slf4j.org/codes.html#StaticLoggerBinder for further details.
]]></system-err>
  </testcase>
  <testcase name="shouldAddBookAndIncreaseTotals" classname="com.library.database.DatabaseManagerBooksTest" time="0.043"/>
  <testcase name="shouldGetBookById" classname="com.library.database.DatabaseManagerBooksTest" time="0.044"/>
  <testcase name="shouldDeleteBook" classname="com.library.database.DatabaseManagerBooksTest" time="0.036"/>
  <testcase name="shouldUpdateBookFields" classname="com.library.database.DatabaseManagerBooksTest" time="0.038"/>
  <testcase name="shouldLoadSampleBooksOnInit" classname="com.library.database.DatabaseManagerBooksTest" time="0.036"/>
</testsuite>